<?xml version="1.0" encoding="UTF-8"?>
<testng-results ignored="0" total="1" passed="1" failed="0" skipped="0">
  <reporter-output>
  </reporter-output>
  <suite started-at="2023-10-20T11:35:40 IST" name="Default suite" finished-at="2023-10-20T11:37:27 IST" duration-ms="107494">
    <groups>
    </groups>
    <test started-at="2023-10-20T11:35:40 IST" name="Default test" finished-at="2023-10-20T11:37:27 IST" duration-ms="107494">
      <class name="runner_scripts.Facebook_Runner_class">
        <test-method is-config="true" signature="openApplication()[pri:0, instance:runner_scripts.Facebook_Runner_class@62010f5c]" started-at="2023-10-20T11:35:40 IST" name="openApplication" finished-at="2023-10-20T11:36:45 IST" duration-ms="65264" status="PASS">
          <reporter-output>
          </reporter-output>
        </test-method> <!-- openApplication -->
        <test-method signature="disp()[pri:0, instance:runner_scripts.Facebook_Runner_class@62010f5c]" started-at="2023-10-20T11:36:45 IST" name="disp" finished-at="2023-10-20T11:37:25 IST" duration-ms="39849" status="PASS">
          <reporter-output>
          </reporter-output>
        </test-method> <!-- disp -->
        <test-method is-config="true" signature="closeApplication()[pri:0, instance:runner_scripts.Facebook_Runner_class@62010f5c]" started-at="2023-10-20T11:37:25 IST" name="closeApplication" finished-at="2023-10-20T11:37:27 IST" duration-ms="2255" status="PASS">
          <reporter-output>
          </reporter-output>
        </test-method> <!-- closeApplication -->
      </class> <!-- runner_scripts.Facebook_Runner_class -->
    </test> <!-- Default test -->
  </suite> <!-- Default suite -->
</testng-results>
